EDA Netlist Writer report for I2C_MyNano
Wed Oct 23 10:47:13 2013
Quartus II 64-Bit Version 13.0.1 Build 232 06/12/2013 Service Pack 1 SJ Web Edition


---------------------
; Table of Contents ;
---------------------
  1. Legal Notice
  2. EDA Netlist Writer Summary
  3. Simulation Settings
  4. Simulation Generated Files
  5. EDA Netlist Writer Messages



----------------
; Legal Notice ;
----------------
Copyright (C) 1991-2013 Altera Corporation
Your use of Altera Corporation's design tools, logic functions 
and other software and tools, and its AMPP partner logic 
functions, and any output files from any of the foregoing 
(including device programming or simulation files), and any 
associated documentation or information are expressly subject 
to the terms and conditions of the Altera Program License 
Subscription Agreement, Altera MegaCore Function License 
Agreement, or other applicable license agreement, including, 
without limitation, that your use is for the sole purpose of 
programming logic devices manufactured by Altera and sold by 
Altera or its authorized distributors.  Please refer to the 
applicable agreement for further details.



+-------------------------------------------------------------------+
; EDA Netlist Writer Summary                                        ;
+---------------------------+---------------------------------------+
; EDA Netlist Writer Status ; Successful - Wed Oct 23 10:47:13 2013 ;
; Revision Name             ; I2C_MyNano                            ;
; Top-level Entity Name     ; I2C_MyNano                            ;
; Family                    ; Cyclone IV E                          ;
; Simulation Files Creation ; Successful                            ;
+---------------------------+---------------------------------------+


+-------------------------------------------------------------------------------------------------------------------------------------+
; Simulation Settings                                                                                                                 ;
+---------------------------------------------------------------------------------------------------+---------------------------------+
; Option                                                                                            ; Setting                         ;
+---------------------------------------------------------------------------------------------------+---------------------------------+
; Tool Name                                                                                         ; ModelSim-Altera (SystemVerilog) ;
; Generate netlist for functional simulation only                                                   ; Off                             ;
; Time scale                                                                                        ; 1 ps                            ;
; Truncate long hierarchy paths                                                                     ; Off                             ;
; Map illegal HDL characters                                                                        ; Off                             ;
; Flatten buses into individual nodes                                                               ; Off                             ;
; Maintain hierarchy                                                                                ; Off                             ;
; Bring out device-wide set/reset signals as ports                                                  ; Off                             ;
; Enable glitch filtering                                                                           ; Off                             ;
; Do not write top level VHDL entity                                                                ; Off                             ;
; Disable detection of setup and hold time violations in the input registers of bi-directional pins ; Off                             ;
; Architecture name in VHDL output netlist                                                          ; structure                       ;
; Generate third-party EDA tool command script for RTL functional simulation                        ; Off                             ;
; Generate third-party EDA tool command script for gate-level simulation                            ; Off                             ;
+---------------------------------------------------------------------------------------------------+---------------------------------+


+----------------------------------------------------------------------------------------------------------------------------+
; Simulation Generated Files                                                                                                 ;
+----------------------------------------------------------------------------------------------------------------------------+
; Generated Files                                                                                                            ;
+----------------------------------------------------------------------------------------------------------------------------+
; /Documents/GithubRepositories/Senior-Project-Repositories/De0-Nano/simulation/modelsim/I2C_MyNano_6_1200mv_85c_slow.svo    ;
; /Documents/GithubRepositories/Senior-Project-Repositories/De0-Nano/simulation/modelsim/I2C_MyNano_6_1200mv_0c_slow.svo     ;
; /Documents/GithubRepositories/Senior-Project-Repositories/De0-Nano/simulation/modelsim/I2C_MyNano_min_1200mv_0c_fast.svo   ;
; /Documents/GithubRepositories/Senior-Project-Repositories/De0-Nano/simulation/modelsim/I2C_MyNano.svo                      ;
; /Documents/GithubRepositories/Senior-Project-Repositories/De0-Nano/simulation/modelsim/I2C_MyNano_6_1200mv_85c_v_slow.sdo  ;
; /Documents/GithubRepositories/Senior-Project-Repositories/De0-Nano/simulation/modelsim/I2C_MyNano_6_1200mv_0c_v_slow.sdo   ;
; /Documents/GithubRepositories/Senior-Project-Repositories/De0-Nano/simulation/modelsim/I2C_MyNano_min_1200mv_0c_v_fast.sdo ;
; /Documents/GithubRepositories/Senior-Project-Repositories/De0-Nano/simulation/modelsim/I2C_MyNano_v.sdo                    ;
+----------------------------------------------------------------------------------------------------------------------------+


+-----------------------------+
; EDA Netlist Writer Messages ;
+-----------------------------+
Info: *******************************************************************
Info: Running Quartus II 64-Bit EDA Netlist Writer
    Info: Version 13.0.1 Build 232 06/12/2013 Service Pack 1 SJ Web Edition
    Info: Processing started: Wed Oct 23 10:47:10 2013
Info: Command: quartus_eda --read_settings_files=off --write_settings_files=off I2C_MyNano -c I2C_MyNano
Critical Warning (138067): Current license file does not support incremental compilation. The Quartus II software removes all the user-specified design partitions in the design automatically.
Info (204019): Generated file I2C_MyNano_6_1200mv_85c_slow.svo in folder "/Documents/GithubRepositories/Senior-Project-Repositories/De0-Nano/simulation/modelsim/" for EDA simulation tool
Info (204019): Generated file I2C_MyNano_6_1200mv_0c_slow.svo in folder "/Documents/GithubRepositories/Senior-Project-Repositories/De0-Nano/simulation/modelsim/" for EDA simulation tool
Info (204019): Generated file I2C_MyNano_min_1200mv_0c_fast.svo in folder "/Documents/GithubRepositories/Senior-Project-Repositories/De0-Nano/simulation/modelsim/" for EDA simulation tool
Info (204019): Generated file I2C_MyNano.svo in folder "/Documents/GithubRepositories/Senior-Project-Repositories/De0-Nano/simulation/modelsim/" for EDA simulation tool
Info (204019): Generated file I2C_MyNano_6_1200mv_85c_v_slow.sdo in folder "/Documents/GithubRepositories/Senior-Project-Repositories/De0-Nano/simulation/modelsim/" for EDA simulation tool
Info (204019): Generated file I2C_MyNano_6_1200mv_0c_v_slow.sdo in folder "/Documents/GithubRepositories/Senior-Project-Repositories/De0-Nano/simulation/modelsim/" for EDA simulation tool
Info (204019): Generated file I2C_MyNano_min_1200mv_0c_v_fast.sdo in folder "/Documents/GithubRepositories/Senior-Project-Repositories/De0-Nano/simulation/modelsim/" for EDA simulation tool
Info (204019): Generated file I2C_MyNano_v.sdo in folder "/Documents/GithubRepositories/Senior-Project-Repositories/De0-Nano/simulation/modelsim/" for EDA simulation tool
Info: Quartus II 64-Bit EDA Netlist Writer was successful. 0 errors, 1 warning
    Info: Peak virtual memory: 425 megabytes
    Info: Processing ended: Wed Oct 23 10:47:13 2013
    Info: Elapsed time: 00:00:03
    Info: Total CPU time (on all processors): 00:00:03


