Flow report for ProjectForward
Tue Oct 29 14:35:26 2013
Quartus II 64-Bit Version 13.0.1 Build 232 06/12/2013 Service Pack 1 SJ Web Edition


---------------------
; Table of Contents ;
---------------------
  1. Legal Notice
  2. Flow Summary
  3. Flow Settings
  4. Flow Non-Default Global Settings
  5. Flow Elapsed Time
  6. Flow OS Summary
  7. Flow Log
  8. Flow Messages
  9. Flow Suppressed Messages



----------------
; Legal Notice ;
----------------
Copyright (C) 1991-2013 Altera Corporation
Your use of Altera Corporation's design tools, logic functions 
and other software and tools, and its AMPP partner logic 
functions, and any output files from any of the foregoing 
(including device programming or simulation files), and any 
associated documentation or information are expressly subject 
to the terms and conditions of the Altera Program License 
Subscription Agreement, Altera MegaCore Function License 
Agreement, or other applicable license agreement, including, 
without limitation, that your use is for the sole purpose of 
programming logic devices manufactured by Altera and sold by 
Altera or its authorized distributors.  Please refer to the 
applicable agreement for further details.



+--------------------------------------------------------------------------------------+
; Flow Summary                                                                         ;
+------------------------------------+-------------------------------------------------+
; Flow Status                        ; Successful - Tue Oct 29 14:35:22 2013           ;
; Quartus II 64-Bit Version          ; 13.0.1 Build 232 06/12/2013 SP 1 SJ Web Edition ;
; Revision Name                      ; ProjectForward                                  ;
; Top-level Entity Name              ; ProjectForward_TOP                              ;
; Family                             ; Cyclone IV E                                    ;
; Device                             ; EP4CE22F17C6                                    ;
; Timing Models                      ; Final                                           ;
; Total logic elements               ; 773 / 22,320 ( 3 % )                            ;
;     Total combinational functions  ; 756 / 22,320 ( 3 % )                            ;
;     Dedicated logic registers      ; 304 / 22,320 ( 1 % )                            ;
; Total registers                    ; 304                                             ;
; Total pins                         ; 15 / 154 ( 10 % )                               ;
; Total virtual pins                 ; 0                                               ;
; Total memory bits                  ; 0 / 608,256 ( 0 % )                             ;
; Embedded Multiplier 9-bit elements ; 0 / 132 ( 0 % )                                 ;
; Total PLLs                         ; 0 / 4 ( 0 % )                                   ;
+------------------------------------+-------------------------------------------------+


+-----------------------------------------+
; Flow Settings                           ;
+-------------------+---------------------+
; Option            ; Setting             ;
+-------------------+---------------------+
; Start date & time ; 10/29/2013 14:31:52 ;
; Main task         ; Compilation         ;
; Revision Name     ; ProjectForward      ;
+-------------------+---------------------+


+----------------------------------------------------------------------------------------------------------------------------------------------------------------------------------------------------------------------------------+
; Flow Non-Default Global Settings                                                                                                                                                                                                 ;
+-------------------------------------+-----------------------------------------------------------------------------------------------------------------------------------------+----------------+--------------------+------------+
; Assignment Name                     ; Value                                                                                                                                   ; Default Value  ; Entity Name        ; Section Id ;
+-------------------------------------+-----------------------------------------------------------------------------------------------------------------------------------------+----------------+--------------------+------------+
; COMPILER_SIGNATURE_ID               ; 121371878115.138308231204540                                                                                                            ; --             ; --                 ; --         ;
; ENABLE_SIGNALTAP                    ; Off                                                                                                                                     ; --             ; --                 ; --         ;
; NUM_PARALLEL_PROCESSORS             ; All                                                                                                                                     ; --             ; --                 ; --         ;
; PARTITION_COLOR                     ; 16764057                                                                                                                                ; --             ; ProjectForward_TOP ; Top        ;
; PARTITION_FITTER_PRESERVATION_LEVEL ; PLACEMENT_AND_ROUTING                                                                                                                   ; --             ; ProjectForward_TOP ; Top        ;
; PARTITION_NETLIST_TYPE              ; SOURCE                                                                                                                                  ; --             ; ProjectForward_TOP ; Top        ;
; PROJECT_OUTPUT_DIRECTORY            ; \\psf\Home\Documents\GithubRepositories\Senior-Project-Repositories\De0-Nano\Quartus reports and outputs                                ; --             ; --                 ; --         ;
; SLD_FILE                            ; //psf/Home/Documents/GithubRepositories/Senior-Project-Repositories/De0-Nano/Quartus reports and outputs/IMUSignalTap_auto_stripped.stp ; --             ; --                 ; --         ;
; SMART_RECOMPILE                     ; On                                                                                                                                      ; Off            ; --                 ; --         ;
; TOP_LEVEL_ENTITY                    ; ProjectForward_TOP                                                                                                                      ; ProjectForward ; --                 ; --         ;
; USE_SIGNALTAP_FILE                  ; Quartus reports and outputs/IMUSignalTap.stp                                                                                            ; --             ; --                 ; --         ;
+-------------------------------------+-----------------------------------------------------------------------------------------------------------------------------------------+----------------+--------------------+------------+


+-------------------------------------------------------------------------------------------------------------------------------+
; Flow Elapsed Time                                                                                                             ;
+---------------------------+--------------+-------------------------+---------------------+------------------------------------+
; Module Name               ; Elapsed Time ; Average Processors Used ; Peak Virtual Memory ; Total CPU Time (on all processors) ;
+---------------------------+--------------+-------------------------+---------------------+------------------------------------+
; Analysis & Synthesis      ; 00:00:06     ; 1.0                     ; 525 MB              ; 00:00:06                           ;
; Fitter                    ; 00:00:09     ; 1.8                     ; 1095 MB             ; 00:00:11                           ;
; Assembler                 ; 00:00:02     ; 1.0                     ; 427 MB              ; 00:00:02                           ;
; TimeQuest Timing Analyzer ; 00:00:03     ; 1.0                     ; 509 MB              ; 00:00:03                           ;
; Total                     ; 00:00:20     ; --                      ; --                  ; 00:00:22                           ;
+---------------------------+--------------+-------------------------+---------------------+------------------------------------+


+----------------------------------------------------------------------------------------+
; Flow OS Summary                                                                        ;
+---------------------------+------------------+-----------+------------+----------------+
; Module Name               ; Machine Hostname ; OS Name   ; OS Version ; Processor type ;
+---------------------------+------------------+-----------+------------+----------------+
; Analysis & Synthesis      ; BENSMITH1F81     ; Windows 7 ; 6.1        ; x86_64         ;
; Fitter                    ; BENSMITH1F81     ; Windows 7 ; 6.1        ; x86_64         ;
; Assembler                 ; BENSMITH1F81     ; Windows 7 ; 6.1        ; x86_64         ;
; TimeQuest Timing Analyzer ; BENSMITH1F81     ; Windows 7 ; 6.1        ; x86_64         ;
+---------------------------+------------------+-----------+------------+----------------+


------------
; Flow Log ;
------------
quartus_map --read_settings_files=on --write_settings_files=off ProjectForward -c ProjectForward
quartus_fit --read_settings_files=on --write_settings_files=off ProjectForward -c ProjectForward
quartus_asm --read_settings_files=off --write_settings_files=off ProjectForward -c ProjectForward
quartus_sta ProjectForward -c ProjectForward



