Partition Merge report for I2C_MyNano
Fri Oct 25 08:55:30 2013
Quartus II 64-Bit Version 13.0.1 Build 232 06/12/2013 Service Pack 1 SJ Web Edition


---------------------
; Table of Contents ;
---------------------
  1. Legal Notice
  2. Partition Merge Summary
  3. Partition Merge Netlist Types Used
  4. Connections to In-System Debugging Instance "auto_signaltap_0"
  5. Partition Merge Partition Statistics
  6. Partition Merge Partition Pin Processing
  7. Partition Merge Resource Usage Summary
  8. Partition Merge RAM Summary
  9. Partition Merge Messages



----------------
; Legal Notice ;
----------------
Copyright (C) 1991-2013 Altera Corporation
Your use of Altera Corporation's design tools, logic functions 
and other software and tools, and its AMPP partner logic 
functions, and any output files from any of the foregoing 
(including device programming or simulation files), and any 
associated documentation or information are expressly subject 
to the terms and conditions of the Altera Program License 
Subscription Agreement, Altera MegaCore Function License 
Agreement, or other applicable license agreement, including, 
without limitation, that your use is for the sole purpose of 
programming logic devices manufactured by Altera and sold by 
Altera or its authorized distributors.  Please refer to the 
applicable agreement for further details.



+--------------------------------------------------------------------------------------+
; Partition Merge Summary                                                              ;
+------------------------------------+-------------------------------------------------+
; Partition Merge Status             ; Successful - Fri Oct 25 08:55:30 2013           ;
; Quartus II 64-Bit Version          ; 13.0.1 Build 232 06/12/2013 SP 1 SJ Web Edition ;
; Revision Name                      ; I2C_MyNano                                      ;
; Top-level Entity Name              ; I2C_MyNano                                      ;
; Family                             ; Cyclone IV E                                    ;
; Total logic elements               ; 1,501                                           ;
;     Total combinational functions  ; 1,260                                           ;
;     Dedicated logic registers      ; 776                                             ;
; Total registers                    ; 776                                             ;
; Total pins                         ; 20                                              ;
; Total virtual pins                 ; 0                                               ;
; Total memory bits                  ; 16,384                                          ;
; Embedded Multiplier 9-bit elements ; 0                                               ;
; Total PLLs                         ; 0                                               ;
+------------------------------------+-------------------------------------------------+


+-------------------------------------------------------------------------------------------------------------------------------+
; Partition Merge Netlist Types Used                                                                                            ;
+--------------------------------+----------------+-------------------+------------------------+--------------------------------+
; Partition Name                 ; Partition Type ; Netlist Type Used ; Netlist Type Requested ; Partition Contents             ;
+--------------------------------+----------------+-------------------+------------------------+--------------------------------+
; Top                            ; User-created   ; Source File       ; Source File            ;                                ;
; sld_hub:auto_hub               ; Auto-generated ; Post-Synthesis    ; Post-Synthesis         ; sld_hub:auto_hub               ;
; sld_signaltap:auto_signaltap_0 ; Auto-generated ; Post-Synthesis    ; Post-Synthesis         ; sld_signaltap:auto_signaltap_0 ;
; hard_block:auto_generated_inst ; Auto-generated ; Source File       ; Source File            ; hard_block:auto_generated_inst ;
+--------------------------------+----------------+-------------------+------------------------+--------------------------------+


+-----------------------------------------------------------------------------------------------------------------------------------------+
; Connections to In-System Debugging Instance "auto_signaltap_0"                                                                          ;
+-------------------------------+--------------+-----------+----------------+-------------------+-------------------------------+---------+
; Name                          ; Type         ; Status    ; Partition Name ; Netlist Type Used ; Actual Connection             ; Details ;
+-------------------------------+--------------+-----------+----------------+-------------------+-------------------------------+---------+
; IMUInterface:comb_5|COUNT[6]  ; post-fitting ; connected ; Top            ; post-synthesis    ; IMUInterface:comb_5|COUNT[6]  ; N/A     ;
; IMUInterface:comb_5|I2C_SCL~0 ; post-fitting ; connected ; Top            ; post-synthesis    ; IMUInterface:comb_5|I2C_SCL~0 ; N/A     ;
; IMUInterface:comb_5|I2C_SCL~0 ; post-fitting ; connected ; Top            ; post-synthesis    ; IMUInterface:comb_5|I2C_SCL~0 ; N/A     ;
; IMUInterface:comb_5|I2C_SDA~1 ; post-fitting ; connected ; Top            ; post-synthesis    ; IMUInterface:comb_5|I2C_SDA~1 ; N/A     ;
; IMUInterface:comb_5|I2C_SDA~1 ; post-fitting ; connected ; Top            ; post-synthesis    ; IMUInterface:comb_5|I2C_SDA~1 ; N/A     ;
; IMUInterface:comb_5|SCL       ; post-fitting ; connected ; Top            ; post-synthesis    ; IMUInterface:comb_5|SCL       ; N/A     ;
; IMUInterface:comb_5|SCL       ; post-fitting ; connected ; Top            ; post-synthesis    ; IMUInterface:comb_5|SCL       ; N/A     ;
; IMUInterface:comb_5|SDI       ; post-fitting ; connected ; Top            ; post-synthesis    ; IMUInterface:comb_5|SDI       ; N/A     ;
; IMUInterface:comb_5|SDI       ; post-fitting ; connected ; Top            ; post-synthesis    ; IMUInterface:comb_5|SDI       ; N/A     ;
+-------------------------------+--------------+-----------+----------------+-------------------+-------------------------------+---------+


+-----------------------------------------------------------------------------------------------------------------------------------------+
; Partition Merge Partition Statistics                                                                                                    ;
+---------------------------------------------+------+------------------+--------------------------------+--------------------------------+
; Statistic                                   ; Top  ; sld_hub:auto_hub ; sld_signaltap:auto_signaltap_0 ; hard_block:auto_generated_inst ;
+---------------------------------------------+------+------------------+--------------------------------+--------------------------------+
; Estimated Total logic elements              ; 833  ; 224              ; 446                            ; 0                              ;
;                                             ;      ;                  ;                                ;                                ;
; Total combinational functions               ; 780  ; 208              ; 272                            ; 0                              ;
; Logic element usage by number of LUT inputs ;      ;                  ;                                ;                                ;
;     -- 4 input functions                    ; 327  ; 89               ; 120                            ; 0                              ;
;     -- 3 input functions                    ; 216  ; 77               ; 68                             ; 0                              ;
;     -- <=2 input functions                  ; 237  ; 42               ; 84                             ; 0                              ;
;                                             ;      ;                  ;                                ;                                ;
; Logic elements by mode                      ;      ;                  ;                                ;                                ;
;     -- normal mode                          ; 615  ; 199              ; 220                            ; 0                              ;
;     -- arithmetic mode                      ; 165  ; 9                ; 52                             ; 0                              ;
;                                             ;      ;                  ;                                ;                                ;
; Total registers                             ; 294  ; 130              ; 352                            ; 0                              ;
;     -- Dedicated logic registers            ; 294  ; 130              ; 352                            ; 0                              ;
;                                             ;      ;                  ;                                ;                                ;
; Virtual pins                                ; 0    ; 0                ; 0                              ; 0                              ;
; I/O pins                                    ; 20   ; 0                ; 0                              ; 0                              ;
; Embedded Multiplier 9-bit elements          ; 0    ; 0                ; 0                              ; 0                              ;
; Total memory bits                           ; 0    ; 0                ; 16384                          ; 0                              ;
; Total RAM block bits                        ; 0    ; 0                ; 0                              ; 0                              ;
; JTAG                                        ; 1    ; 0                ; 0                              ; 0                              ;
;                                             ;      ;                  ;                                ;                                ;
; Connections                                 ;      ;                  ;                                ;                                ;
;     -- Input Connections                    ; 151  ; 195              ; 488                            ; 0                              ;
;     -- Registered Input Connections         ; 83   ; 140              ; 388                            ; 0                              ;
;     -- Output Connections                   ; 626  ; 207              ; 1                              ; 0                              ;
;     -- Registered Output Connections        ; 195  ; 182              ; 0                              ; 0                              ;
;                                             ;      ;                  ;                                ;                                ;
; Internal Connections                        ;      ;                  ;                                ;                                ;
;     -- Total Connections                    ; 3797 ; 1327             ; 2086                           ; 0                              ;
;     -- Registered Connections               ; 1260 ; 894              ; 1238                           ; 0                              ;
;                                             ;      ;                  ;                                ;                                ;
; External Connections                        ;      ;                  ;                                ;                                ;
;     -- Top                                  ; 136  ; 269              ; 372                            ; 0                              ;
;     -- sld_hub:auto_hub                     ; 269  ; 16               ; 117                            ; 0                              ;
;     -- sld_signaltap:auto_signaltap_0       ; 372  ; 117              ; 0                              ; 0                              ;
;     -- hard_block:auto_generated_inst       ; 0    ; 0                ; 0                              ; 0                              ;
;                                             ;      ;                  ;                                ;                                ;
; Partition Interface                         ;      ;                  ;                                ;                                ;
;     -- Input Ports                          ; 39   ; 39               ; 65                             ; 0                              ;
;     -- Output Ports                         ; 23   ; 55               ; 18                             ; 0                              ;
;     -- Bidir Ports                          ; 4    ; 0                ; 0                              ; 0                              ;
;                                             ;      ;                  ;                                ;                                ;
; Registered Ports                            ;      ;                  ;                                ;                                ;
;     -- Registered Input Ports               ; 0    ; 3                ; 13                             ; 0                              ;
;     -- Registered Output Ports              ; 0    ; 44               ; 9                              ; 0                              ;
;                                             ;      ;                  ;                                ;                                ;
; Port Connectivity                           ;      ;                  ;                                ;                                ;
;     -- Input Ports driven by GND            ; 0    ; 19               ; 0                              ; 0                              ;
;     -- Output Ports driven by GND           ; 0    ; 1                ; 0                              ; 0                              ;
;     -- Input Ports driven by VCC            ; 0    ; 0                ; 0                              ; 0                              ;
;     -- Output Ports driven by VCC           ; 0    ; 0                ; 0                              ; 0                              ;
;     -- Input Ports with no Source           ; 0    ; 1                ; 35                             ; 0                              ;
;     -- Output Ports with no Source          ; 0    ; 0                ; 0                              ; 0                              ;
;     -- Input Ports with no Fanout           ; 0    ; 2                ; 40                             ; 0                              ;
;     -- Output Ports with no Fanout          ; 0    ; 22               ; 9                              ; 0                              ;
+---------------------------------------------+------+------------------+--------------------------------+--------------------------------+
Note: Resource usage numbers presented for Partitions containing post-synthesis logic are estimates.  For Partitions containing post-fit logic, resource usage numbers are accurate based on previous placement information.  Actual Fitter results may vary depending on current Fitter Preservation Level assignments.


+----------------------------------------------------------------------------------------------------------------------------------------------------------+
; Partition Merge Partition Pin Processing                                                                                                                 ;
+----------------------------------------------------------------------+-----------+---------------+----------+--------------------------------------------+
; Name                                                                 ; Partition ; Type          ; Location ; Status                                     ;
+----------------------------------------------------------------------+-----------+---------------+----------+--------------------------------------------+
; CLOCK_50                                                             ; Top       ; Input Port    ; n/a      ;                                            ;
;     -- CLOCK_50                                                      ; Top       ; Input Pad     ; Unplaced ; Synthesized                                ;
;     -- CLOCK_50~input                                                ; Top       ; Input Buffer  ; Unplaced ; Synthesized                                ;
;                                                                      ;           ;               ;          ;                                            ;
; GPIO_10                                                              ; Top       ; Bidir Port    ; n/a      ;                                            ;
;     -- GPIO_10                                                       ; Top       ; Bidir Pad     ; Unplaced ; Synthesized                                ;
;     -- GPIO_10~output                                                ; Top       ; Output Buffer ; Unplaced ; Preserved from Synthesis Netlist (WYSIWYG) ;
;                                                                      ;           ;               ;          ;                                            ;
; GPIO_11                                                              ; Top       ; Bidir Port    ; n/a      ;                                            ;
;     -- GPIO_11                                                       ; Top       ; Bidir Pad     ; Unplaced ; Synthesized                                ;
;     -- GPIO_11~output                                                ; Top       ; Output Buffer ; Unplaced ; Preserved from Synthesis Netlist (WYSIWYG) ;
;                                                                      ;           ;               ;          ;                                            ;
; G_Sensor_CS_N                                                        ; Top       ; Output Port   ; n/a      ;                                            ;
;     -- G_Sensor_CS_N                                                 ; Top       ; Output Pad    ; Unplaced ; Synthesized                                ;
;     -- G_Sensor_CS_N~output                                          ; Top       ; Output Buffer ; Unplaced ; Synthesized                                ;
;                                                                      ;           ;               ;          ;                                            ;
; I2C_SCL                                                              ; Top       ; Bidir Port    ; n/a      ;                                            ;
;     -- I2C_SCL                                                       ; Top       ; Bidir Pad     ; Unplaced ; Synthesized                                ;
;     -- I2C_SCL~output                                                ; Top       ; Output Buffer ; Unplaced ; Preserved from Synthesis Netlist (WYSIWYG) ;
;                                                                      ;           ;               ;          ;                                            ;
; I2C_SDA                                                              ; Top       ; Bidir Port    ; n/a      ;                                            ;
;     -- I2C_SDA                                                       ; Top       ; Bidir Pad     ; Unplaced ; Synthesized                                ;
;     -- I2C_SDA~output                                                ; Top       ; Output Buffer ; Unplaced ; Preserved from Synthesis Netlist (WYSIWYG) ;
;                                                                      ;           ;               ;          ;                                            ;
; KEY[0]                                                               ; Top       ; Input Port    ; n/a      ;                                            ;
;     -- KEY[0]                                                        ; Top       ; Input Pad     ; Unplaced ; Synthesized                                ;
;     -- KEY[0]~input                                                  ; Top       ; Input Buffer  ; Unplaced ; Synthesized                                ;
;                                                                      ;           ;               ;          ;                                            ;
; KEY[1]                                                               ; Top       ; Input Port    ; n/a      ;                                            ;
;     -- KEY[1]                                                        ; Top       ; Input Pad     ; Unplaced ; Synthesized                                ;
;     -- KEY[1]~input                                                  ; Top       ; Input Buffer  ; Unplaced ; Synthesized                                ;
;                                                                      ;           ;               ;          ;                                            ;
; LED[0]                                                               ; Top       ; Output Port   ; n/a      ;                                            ;
;     -- LED[0]                                                        ; Top       ; Output Pad    ; Unplaced ; Synthesized                                ;
;     -- LED[0]~output                                                 ; Top       ; Output Buffer ; Unplaced ; Synthesized                                ;
;                                                                      ;           ;               ;          ;                                            ;
; LED[1]                                                               ; Top       ; Output Port   ; n/a      ;                                            ;
;     -- LED[1]                                                        ; Top       ; Output Pad    ; Unplaced ; Synthesized                                ;
;     -- LED[1]~output                                                 ; Top       ; Output Buffer ; Unplaced ; Synthesized                                ;
;                                                                      ;           ;               ;          ;                                            ;
; LED[2]                                                               ; Top       ; Output Port   ; n/a      ;                                            ;
;     -- LED[2]                                                        ; Top       ; Output Pad    ; Unplaced ; Synthesized                                ;
;     -- LED[2]~output                                                 ; Top       ; Output Buffer ; Unplaced ; Synthesized                                ;
;                                                                      ;           ;               ;          ;                                            ;
; LED[3]                                                               ; Top       ; Output Port   ; n/a      ;                                            ;
;     -- LED[3]                                                        ; Top       ; Output Pad    ; Unplaced ; Synthesized                                ;
;     -- LED[3]~output                                                 ; Top       ; Output Buffer ; Unplaced ; Synthesized                                ;
;                                                                      ;           ;               ;          ;                                            ;
; LED[4]                                                               ; Top       ; Output Port   ; n/a      ;                                            ;
;     -- LED[4]                                                        ; Top       ; Output Pad    ; Unplaced ; Synthesized                                ;
;     -- LED[4]~output                                                 ; Top       ; Output Buffer ; Unplaced ; Synthesized                                ;
;                                                                      ;           ;               ;          ;                                            ;
; LED[5]                                                               ; Top       ; Output Port   ; n/a      ;                                            ;
;     -- LED[5]                                                        ; Top       ; Output Pad    ; Unplaced ; Synthesized                                ;
;     -- LED[5]~output                                                 ; Top       ; Output Buffer ; Unplaced ; Synthesized                                ;
;                                                                      ;           ;               ;          ;                                            ;
; LED[6]                                                               ; Top       ; Output Port   ; n/a      ;                                            ;
;     -- LED[6]                                                        ; Top       ; Output Pad    ; Unplaced ; Synthesized                                ;
;     -- LED[6]~output                                                 ; Top       ; Output Buffer ; Unplaced ; Synthesized                                ;
;                                                                      ;           ;               ;          ;                                            ;
; LED[7]                                                               ; Top       ; Output Port   ; n/a      ;                                            ;
;     -- LED[7]                                                        ; Top       ; Output Pad    ; Unplaced ; Synthesized                                ;
;     -- LED[7]~output                                                 ; Top       ; Output Buffer ; Unplaced ; Synthesized                                ;
;                                                                      ;           ;               ;          ;                                            ;
; PWMout                                                               ; Top       ; Output Port   ; n/a      ;                                            ;
;     -- PWMout                                                        ; Top       ; Output Pad    ; Unplaced ; Synthesized                                ;
;     -- PWMout~output                                                 ; Top       ; Output Buffer ; Unplaced ; Synthesized                                ;
;                                                                      ;           ;               ;          ;                                            ;
; altera_reserved_tck                                                  ; Top       ; Input Port    ; n/a      ;                                            ;
;     -- altera_reserved_tck                                           ; Top       ; Input Pad     ; Unplaced ; Synthesized                                ;
;     -- altera_reserved_tck~input                                     ; Top       ; Input Buffer  ; Unplaced ; Synthesized                                ;
;                                                                      ;           ;               ;          ;                                            ;
; altera_reserved_tdi                                                  ; Top       ; Input Port    ; n/a      ;                                            ;
;     -- altera_reserved_tdi                                           ; Top       ; Input Pad     ; Unplaced ; Synthesized                                ;
;     -- altera_reserved_tdi~input                                     ; Top       ; Input Buffer  ; Unplaced ; Synthesized                                ;
;                                                                      ;           ;               ;          ;                                            ;
; altera_reserved_tdo                                                  ; Top       ; Output Port   ; n/a      ;                                            ;
;     -- altera_reserved_tdo                                           ; Top       ; Output Pad    ; Unplaced ; Synthesized                                ;
;     -- altera_reserved_tdo~output                                    ; Top       ; Output Buffer ; Unplaced ; Synthesized                                ;
;                                                                      ;           ;               ;          ;                                            ;
; altera_reserved_tms                                                  ; Top       ; Input Port    ; n/a      ;                                            ;
;     -- altera_reserved_tms                                           ; Top       ; Input Pad     ; Unplaced ; Synthesized                                ;
;     -- altera_reserved_tms~input                                     ; Top       ; Input Buffer  ; Unplaced ; Synthesized                                ;
;                                                                      ;           ;               ;          ;                                            ;
; jtag.bp.comb_5_AccelXProbe_altsource_probe_component_clrn            ; Top       ; Input Port    ; n/a      ;                                            ;
;                                                                      ;           ;               ;          ;                                            ;
; jtag.bp.comb_5_AccelXProbe_altsource_probe_component_ena             ; Top       ; Input Port    ; n/a      ;                                            ;
;                                                                      ;           ;               ;          ;                                            ;
; jtag.bp.comb_5_AccelXProbe_altsource_probe_component_ir_in_0_        ; Top       ; Input Port    ; n/a      ;                                            ;
;                                                                      ;           ;               ;          ;                                            ;
; jtag.bp.comb_5_AccelXProbe_altsource_probe_component_ir_in_1_        ; Top       ; Input Port    ; n/a      ;                                            ;
;                                                                      ;           ;               ;          ;                                            ;
; jtag.bp.comb_5_AccelXProbe_altsource_probe_component_ir_in_2_        ; Top       ; Input Port    ; n/a      ;                                            ;
;                                                                      ;           ;               ;          ;                                            ;
; jtag.bp.comb_5_AccelXProbe_altsource_probe_component_ir_in_3_        ; Top       ; Input Port    ; n/a      ;                                            ;
;                                                                      ;           ;               ;          ;                                            ;
; jtag.bp.comb_5_AccelXProbe_altsource_probe_component_ir_out_0_       ; Top       ; Output Port   ; n/a      ;                                            ;
;                                                                      ;           ;               ;          ;                                            ;
; jtag.bp.comb_5_AccelXProbe_altsource_probe_component_ir_out_1_       ; Top       ; Output Port   ; n/a      ;                                            ;
;                                                                      ;           ;               ;          ;                                            ;
; jtag.bp.comb_5_AccelXProbe_altsource_probe_component_ir_out_2_       ; Top       ; Output Port   ; n/a      ;                                            ;
;                                                                      ;           ;               ;          ;                                            ;
; jtag.bp.comb_5_AccelXProbe_altsource_probe_component_ir_out_3_       ; Top       ; Output Port   ; n/a      ;                                            ;
;                                                                      ;           ;               ;          ;                                            ;
; jtag.bp.comb_5_AccelXProbe_altsource_probe_component_jtag_state_cdr  ; Top       ; Input Port    ; n/a      ;                                            ;
;                                                                      ;           ;               ;          ;                                            ;
; jtag.bp.comb_5_AccelXProbe_altsource_probe_component_jtag_state_cir  ; Top       ; Input Port    ; n/a      ;                                            ;
;                                                                      ;           ;               ;          ;                                            ;
; jtag.bp.comb_5_AccelXProbe_altsource_probe_component_jtag_state_e1dr ; Top       ; Input Port    ; n/a      ;                                            ;
;                                                                      ;           ;               ;          ;                                            ;
; jtag.bp.comb_5_AccelXProbe_altsource_probe_component_jtag_state_sdr  ; Top       ; Input Port    ; n/a      ;                                            ;
;                                                                      ;           ;               ;          ;                                            ;
; jtag.bp.comb_5_AccelXProbe_altsource_probe_component_jtag_state_tlr  ; Top       ; Input Port    ; n/a      ;                                            ;
;                                                                      ;           ;               ;          ;                                            ;
; jtag.bp.comb_5_AccelXProbe_altsource_probe_component_jtag_state_udr  ; Top       ; Input Port    ; n/a      ;                                            ;
;                                                                      ;           ;               ;          ;                                            ;
; jtag.bp.comb_5_AccelXProbe_altsource_probe_component_jtag_state_uir  ; Top       ; Input Port    ; n/a      ;                                            ;
;                                                                      ;           ;               ;          ;                                            ;
; jtag.bp.comb_5_AccelXProbe_altsource_probe_component_raw_tck         ; Top       ; Input Port    ; n/a      ;                                            ;
;                                                                      ;           ;               ;          ;                                            ;
; jtag.bp.comb_5_AccelXProbe_altsource_probe_component_tdi             ; Top       ; Input Port    ; n/a      ;                                            ;
;                                                                      ;           ;               ;          ;                                            ;
; jtag.bp.comb_5_AccelXProbe_altsource_probe_component_tdo             ; Top       ; Output Port   ; n/a      ;                                            ;
;                                                                      ;           ;               ;          ;                                            ;
; jtag.bp.comb_5_AccelXProbe_altsource_probe_component_usr1            ; Top       ; Input Port    ; n/a      ;                                            ;
;                                                                      ;           ;               ;          ;                                            ;
; jtag.bp.comb_8_keycheck_altsource_probe_component_clrn               ; Top       ; Input Port    ; n/a      ;                                            ;
;                                                                      ;           ;               ;          ;                                            ;
; jtag.bp.comb_8_keycheck_altsource_probe_component_ena                ; Top       ; Input Port    ; n/a      ;                                            ;
;                                                                      ;           ;               ;          ;                                            ;
; jtag.bp.comb_8_keycheck_altsource_probe_component_ir_in_0_           ; Top       ; Input Port    ; n/a      ;                                            ;
;                                                                      ;           ;               ;          ;                                            ;
; jtag.bp.comb_8_keycheck_altsource_probe_component_ir_in_1_           ; Top       ; Input Port    ; n/a      ;                                            ;
;                                                                      ;           ;               ;          ;                                            ;
; jtag.bp.comb_8_keycheck_altsource_probe_component_ir_in_2_           ; Top       ; Input Port    ; n/a      ;                                            ;
;                                                                      ;           ;               ;          ;                                            ;
; jtag.bp.comb_8_keycheck_altsource_probe_component_ir_in_3_           ; Top       ; Input Port    ; n/a      ;                                            ;
;                                                                      ;           ;               ;          ;                                            ;
; jtag.bp.comb_8_keycheck_altsource_probe_component_ir_out_0_          ; Top       ; Output Port   ; n/a      ;                                            ;
;                                                                      ;           ;               ;          ;                                            ;
; jtag.bp.comb_8_keycheck_altsource_probe_component_ir_out_1_          ; Top       ; Output Port   ; n/a      ;                                            ;
;                                                                      ;           ;               ;          ;                                            ;
; jtag.bp.comb_8_keycheck_altsource_probe_component_ir_out_2_          ; Top       ; Output Port   ; n/a      ;                                            ;
;                                                                      ;           ;               ;          ;                                            ;
; jtag.bp.comb_8_keycheck_altsource_probe_component_ir_out_3_          ; Top       ; Output Port   ; n/a      ;                                            ;
;                                                                      ;           ;               ;          ;                                            ;
; jtag.bp.comb_8_keycheck_altsource_probe_component_jtag_state_cdr     ; Top       ; Input Port    ; n/a      ;                                            ;
;                                                                      ;           ;               ;          ;                                            ;
; jtag.bp.comb_8_keycheck_altsource_probe_component_jtag_state_cir     ; Top       ; Input Port    ; n/a      ;                                            ;
;                                                                      ;           ;               ;          ;                                            ;
; jtag.bp.comb_8_keycheck_altsource_probe_component_jtag_state_e1dr    ; Top       ; Input Port    ; n/a      ;                                            ;
;                                                                      ;           ;               ;          ;                                            ;
; jtag.bp.comb_8_keycheck_altsource_probe_component_jtag_state_sdr     ; Top       ; Input Port    ; n/a      ;                                            ;
;                                                                      ;           ;               ;          ;                                            ;
; jtag.bp.comb_8_keycheck_altsource_probe_component_jtag_state_tlr     ; Top       ; Input Port    ; n/a      ;                                            ;
;                                                                      ;           ;               ;          ;                                            ;
; jtag.bp.comb_8_keycheck_altsource_probe_component_jtag_state_udr     ; Top       ; Input Port    ; n/a      ;                                            ;
;                                                                      ;           ;               ;          ;                                            ;
; jtag.bp.comb_8_keycheck_altsource_probe_component_jtag_state_uir     ; Top       ; Input Port    ; n/a      ;                                            ;
;                                                                      ;           ;               ;          ;                                            ;
; jtag.bp.comb_8_keycheck_altsource_probe_component_raw_tck            ; Top       ; Input Port    ; n/a      ;                                            ;
;                                                                      ;           ;               ;          ;                                            ;
; jtag.bp.comb_8_keycheck_altsource_probe_component_tdi                ; Top       ; Input Port    ; n/a      ;                                            ;
;                                                                      ;           ;               ;          ;                                            ;
; jtag.bp.comb_8_keycheck_altsource_probe_component_tdo                ; Top       ; Output Port   ; n/a      ;                                            ;
;                                                                      ;           ;               ;          ;                                            ;
; jtag.bp.comb_8_keycheck_altsource_probe_component_usr1               ; Top       ; Input Port    ; n/a      ;                                            ;
;                                                                      ;           ;               ;          ;                                            ;
; rx                                                                   ; Top       ; Input Port    ; n/a      ;                                            ;
;     -- rx                                                            ; Top       ; Input Pad     ; Unplaced ; Synthesized                                ;
;     -- rx~input                                                      ; Top       ; Input Buffer  ; Unplaced ; Synthesized                                ;
;                                                                      ;           ;               ;          ;                                            ;
; tx                                                                   ; Top       ; Output Port   ; n/a      ;                                            ;
;     -- tx                                                            ; Top       ; Output Pad    ; Unplaced ; Synthesized                                ;
;     -- tx~output                                                     ; Top       ; Output Buffer ; Unplaced ; Synthesized                                ;
;                                                                      ;           ;               ;          ;                                            ;
; waveFormsPin                                                         ; Top       ; Output Port   ; n/a      ;                                            ;
;     -- waveFormsPin                                                  ; Top       ; Output Pad    ; Unplaced ; Synthesized                                ;
;     -- waveFormsPin~output                                           ; Top       ; Output Buffer ; Unplaced ; Synthesized                                ;
;                                                                      ;           ;               ;          ;                                            ;
+----------------------------------------------------------------------+-----------+---------------+----------+--------------------------------------------+


+------------------------------------------------------------------------+
; Partition Merge Resource Usage Summary                                 ;
+---------------------------------------------+--------------------------+
; Resource                                    ; Usage                    ;
+---------------------------------------------+--------------------------+
; Estimated Total logic elements              ; 1,501                    ;
;                                             ;                          ;
; Total combinational functions               ; 1260                     ;
; Logic element usage by number of LUT inputs ;                          ;
;     -- 4 input functions                    ; 536                      ;
;     -- 3 input functions                    ; 361                      ;
;     -- <=2 input functions                  ; 363                      ;
;                                             ;                          ;
; Logic elements by mode                      ;                          ;
;     -- normal mode                          ; 1034                     ;
;     -- arithmetic mode                      ; 226                      ;
;                                             ;                          ;
; Total registers                             ; 776                      ;
;     -- Dedicated logic registers            ; 776                      ;
;     -- I/O registers                        ; 0                        ;
;                                             ;                          ;
; I/O pins                                    ; 20                       ;
; Total memory bits                           ; 16384                    ;
; Embedded Multiplier 9-bit elements          ; 0                        ;
; Maximum fan-out node                        ; altera_internal_jtag~TDO ;
; Maximum fan-out                             ; 388                      ;
; Total fan-out                               ; 6427                     ;
; Average fan-out                             ; 3.07                     ;
+---------------------------------------------+--------------------------+


+------------------------------------------------------------------------------------------------------------------------------------------------------------------------------------------------------------------------------------------------------------------------------------------------------------+
; Partition Merge RAM Summary                                                                                                                                                                                                                                                                                ;
+-------------------------------------------------------------------------------------------------------------------------------------------------------------------------------------------------------+------+------------------+--------------+--------------+--------------+--------------+-------+------+
; Name                                                                                                                                                                                                  ; Type ; Mode             ; Port A Depth ; Port A Width ; Port B Depth ; Port B Width ; Size  ; MIF  ;
+-------------------------------------------------------------------------------------------------------------------------------------------------------------------------------------------------------+------+------------------+--------------+--------------+--------------+--------------+-------+------+
; sld_signaltap:auto_signaltap_0|sld_signaltap_impl:sld_signaltap_body|sld_signaltap_implb:sld_signaltap_body|altsyncram:\stp_non_zero_ram_gen:stp_buffer_ram|altsyncram_0u14:auto_generated|ALTSYNCRAM ; AUTO ; Simple Dual Port ; 4096         ; 4            ; 4096         ; 4            ; 16384 ; None ;
+-------------------------------------------------------------------------------------------------------------------------------------------------------------------------------------------------------+------+------------------+--------------+--------------+--------------+--------------+-------+------+


+--------------------------+
; Partition Merge Messages ;
+--------------------------+
Info: *******************************************************************
Info: Running Quartus II 64-Bit Partition Merge
    Info: Version 13.0.1 Build 232 06/12/2013 Service Pack 1 SJ Web Edition
    Info: Processing started: Fri Oct 25 08:55:29 2013
Info: Command: quartus_cdb --read_settings_files=off --write_settings_files=off I2C_MyNano -c I2C_MyNano --merge=on
Info (35007): Using synthesis netlist for partition "Top"
Info (35007): Using synthesis netlist for partition "sld_hub:auto_hub"
Info (35007): Using synthesis netlist for partition "sld_signaltap:auto_signaltap_0"
Info (35024): Succesfully connected in-system debug instance "auto_signaltap_0" to all 9 required data inputs, trigger inputs, acquisition clocks, and dynamic pins
Info (35002): Resolved and merged 3 partition(s)
Info (16010): Generating hard_block partition "hard_block:auto_generated_inst"
    Info (16011): Adding 0 node(s), including 0 DDIO, 0 PLL, 0 transceiver and 0 LCELL
Warning (21074): Design contains 1 input pin(s) that do not drive logic
    Warning (15610): No output dependent on input pin "KEY[1]"
Info (21057): Implemented 1567 device resources after synthesis - the final resource count might be different
    Info (21058): Implemented 7 input pins
    Info (21059): Implemented 13 output pins
    Info (21060): Implemented 4 bidirectional pins
    Info (21061): Implemented 1538 logic cells
    Info (21064): Implemented 4 RAM segments
Info: Quartus II 64-Bit Partition Merge was successful. 0 errors, 2 warnings
    Info: Peak virtual memory: 479 megabytes
    Info: Processing ended: Fri Oct 25 08:55:30 2013
    Info: Elapsed time: 00:00:01
    Info: Total CPU time (on all processors): 00:00:01


